This file contains any messages produced by compilers while
running configure, to aid debugging if configure makes a mistake.

It was created by BD_BOX configure 1.0.2, which was
generated by GNU Autoconf 2.63.  Invocation command line was

  $ ./configure --enable-mpi=no --with-cuda=no CC=cc --disable-openmp CFLAGS=-O3 --no-create --no-recursion

## --------- ##
## Platform. ##
## --------- ##

hostname = i01r12s30
uname -m = x86_64
uname -r = 2.6.32.46-0.3.1.3699.0.PTF-default
uname -s = Linux
uname -v = #1 SMP 2011-09-29 17:49:31 +0200

/usr/bin/uname -p = unknown
/bin/uname -X     = unknown

/bin/arch              = x86_64
/usr/bin/arch -k       = unknown
/usr/convex/getsysinfo = unknown
/usr/bin/hostinfo      = unknown
/bin/machine           = unknown
/usr/bin/oslevel       = unknown
/bin/universe          = unknown

PATH: /lrz/sys/tools/ddt/3.0/bin
PATH: /lrz/sys/parallel/mpi.ibm/PMR-fixes/bin
PATH: /lrz/sys/intel/icc_121_233/composer_xe_2011_sp1.6.233/bin/intel64
PATH: /lrz/sys/intel/ifort_121_233/composer_xe_2011_sp1.6.233/bin/intel64
PATH: /lrz/sys/bin
PATH: /home/hlrb2/pr95zi/lu79buz3/bin
PATH: /usr/local/bin
PATH: /usr/bin
PATH: /bin
PATH: /usr/bin/X11
PATH: /usr/X11R6/bin
PATH: /usr/games
PATH: /opt/bin
PATH: /opt/kde3/bin
PATH: /usr/lib/mit/bin
PATH: /usr/lib/mit/sbin
PATH: /lrz/sys/share/Fat_Node/bin
PATH: /opt/ibmll/LoadL/resmgr/full/bin


## ----------- ##
## Core tests. ##
## ----------- ##

configure:1912: checking for a BSD-compatible install
configure:1980: result: /usr/bin/install -c
configure:1991: checking whether build environment is sane
configure:2051: result: yes
configure:2192: checking for a thread-safe mkdir -p
configure:2231: result: /bin/mkdir -p
configure:2244: checking for gawk
configure:2260: found /usr/bin/gawk
configure:2271: result: gawk
configure:2282: checking whether make sets $(MAKE)
configure:2304: result: yes
configure:2436: checking for gcc
configure:2463: result: cc
configure:2695: checking for C compiler version
configure:2703: cc --version >&5
cc (SUSE Linux) 4.3.4 [gcc-4_3-branch revision 152973]
Copyright (C) 2008 Free Software Foundation, Inc.
This is free software; see the source for copying conditions.  There is NO
warranty; not even for MERCHANTABILITY or FITNESS FOR A PARTICULAR PURPOSE.

configure:2707: $? = 0
configure:2714: cc -v >&5
Using built-in specs.
Target: x86_64-suse-linux
Configured with: ../configure --prefix=/usr --infodir=/usr/share/info --mandir=/usr/share/man --libdir=/usr/lib64 --libexecdir=/usr/lib64 --enable-languages=c,c++,objc,fortran,obj-c++,java,ada --enable-checking=release --with-gxx-include-dir=/usr/include/c++/4.3 --enable-ssp --disable-libssp --with-bugurl=http://bugs.opensuse.org/ --with-pkgversion='SUSE Linux' --disable-libgcj --disable-libmudflap --with-slibdir=/lib64 --with-system-zlib --enable-__cxa_atexit --enable-libstdcxx-allocator=new --disable-libstdcxx-pch --enable-version-specific-runtime-libs --program-suffix=-4.3 --enable-linux-futex --without-system-libunwind --with-cpu=generic --build=x86_64-suse-linux
Thread model: posix
gcc version 4.3.4 [gcc-4_3-branch revision 152973] (SUSE Linux) 
configure:2718: $? = 0
configure:2725: cc -V >&5
cc: '-V' option must have argument
configure:2729: $? = 1
configure:2752: checking for C compiler default output file name
configure:2774: cc -O3   conftest.c  >&5
configure:2778: $? = 0
configure:2816: result: a.out
configure:2835: checking whether the C compiler works
configure:2845: ./a.out
configure:2849: $? = 0
configure:2868: result: yes
configure:2875: checking whether we are cross compiling
configure:2877: result: no
configure:2880: checking for suffix of executables
configure:2887: cc -o conftest -O3   conftest.c  >&5
configure:2891: $? = 0
configure:2917: result: 
configure:2923: checking for suffix of object files
configure:2949: cc -c -O3  conftest.c >&5
configure:2953: $? = 0
configure:2978: result: o
configure:2982: checking whether we are using the GNU C compiler
configure:3011: cc -c -O3  conftest.c >&5
configure:3018: $? = 0
configure:3035: result: yes
configure:3044: checking whether cc accepts -g
configure:3074: cc -c -g  conftest.c >&5
configure:3081: $? = 0
configure:3182: result: yes
configure:3199: checking for cc option to accept ISO C89
configure:3273: cc  -c -O3  conftest.c >&5
configure:3280: $? = 0
configure:3303: result: none needed
configure:3332: checking for style of include used by make
configure:3360: result: GNU
configure:3385: checking dependency style of cc
configure:3495: result: gcc3
configure:4022: checking for sqrt in -lm
configure:4057: cc -o conftest -O3   conftest.c -lm   >&5
conftest.c:17: warning: conflicting types for built-in function 'sqrt'
configure:4064: $? = 0
configure:4085: result: yes
configure:4103: checking how to run the C preprocessor
configure:4143: cc -E  conftest.c
configure:4150: $? = 0
configure:4181: cc -E  conftest.c
conftest.c:11:28: error: ac_nonexistent.h: No such file or directory
configure:4188: $? = 1
configure: failed program was:
| /* confdefs.h.  */
| #define PACKAGE_NAME "BD_BOX"
| #define PACKAGE_TARNAME "bd_box.tgz"
| #define PACKAGE_VERSION "1.0.2"
| #define PACKAGE_STRING "BD_BOX 1.0.2"
| #define PACKAGE_BUGREPORT "mdlugosz@icm.edu.pl"
| #define PACKAGE "bd_box"
| #define VERSION "1.0.2"
| #define HAVE_LIBM 1
| /* end confdefs.h.  */
| #include <ac_nonexistent.h>
configure:4221: result: cc -E
configure:4250: cc -E  conftest.c
configure:4257: $? = 0
configure:4288: cc -E  conftest.c
conftest.c:11:28: error: ac_nonexistent.h: No such file or directory
configure:4295: $? = 1
configure: failed program was:
| /* confdefs.h.  */
| #define PACKAGE_NAME "BD_BOX"
| #define PACKAGE_TARNAME "bd_box.tgz"
| #define PACKAGE_VERSION "1.0.2"
| #define PACKAGE_STRING "BD_BOX 1.0.2"
| #define PACKAGE_BUGREPORT "mdlugosz@icm.edu.pl"
| #define PACKAGE "bd_box"
| #define VERSION "1.0.2"
| #define HAVE_LIBM 1
| /* end confdefs.h.  */
| #include <ac_nonexistent.h>
configure:4335: checking for grep that handles long lines and -e
configure:4395: result: /usr/bin/grep
configure:4400: checking for egrep
configure:4464: result: /usr/bin/grep -E
configure:4469: checking for ANSI C header files
configure:4499: cc -c -O3  conftest.c >&5
configure:4506: $? = 0
configure:4605: cc -o conftest -O3   conftest.c -lm  >&5
configure:4609: $? = 0
configure:4615: ./conftest
configure:4619: $? = 0
configure:4637: result: yes
configure:4661: checking for sys/types.h
configure:4682: cc -c -O3  conftest.c >&5
configure:4689: $? = 0
configure:4706: result: yes
configure:4661: checking for sys/stat.h
configure:4682: cc -c -O3  conftest.c >&5
configure:4689: $? = 0
configure:4706: result: yes
configure:4661: checking for stdlib.h
configure:4682: cc -c -O3  conftest.c >&5
configure:4689: $? = 0
configure:4706: result: yes
configure:4661: checking for string.h
configure:4682: cc -c -O3  conftest.c >&5
configure:4689: $? = 0
configure:4706: result: yes
configure:4661: checking for memory.h
configure:4682: cc -c -O3  conftest.c >&5
configure:4689: $? = 0
configure:4706: result: yes
configure:4661: checking for strings.h
configure:4682: cc -c -O3  conftest.c >&5
configure:4689: $? = 0
configure:4706: result: yes
configure:4661: checking for inttypes.h
configure:4682: cc -c -O3  conftest.c >&5
configure:4689: $? = 0
configure:4706: result: yes
configure:4661: checking for stdint.h
configure:4682: cc -c -O3  conftest.c >&5
configure:4689: $? = 0
configure:4706: result: yes
configure:4661: checking for unistd.h
configure:4682: cc -c -O3  conftest.c >&5
configure:4689: $? = 0
configure:4706: result: yes
configure:4741: checking limits.h usability
configure:4758: cc -c -O3  conftest.c >&5
configure:4765: $? = 0
configure:4779: result: yes
configure:4783: checking limits.h presence
configure:4798: cc -E  conftest.c
configure:4805: $? = 0
configure:4819: result: yes
configure:4852: checking for limits.h
configure:4861: result: yes
configure:4741: checking malloc.h usability
configure:4758: cc -c -O3  conftest.c >&5
configure:4765: $? = 0
configure:4779: result: yes
configure:4783: checking malloc.h presence
configure:4798: cc -E  conftest.c
configure:4805: $? = 0
configure:4819: result: yes
configure:4852: checking for malloc.h
configure:4861: result: yes
configure:4730: checking for memory.h
configure:4737: result: yes
configure:4730: checking for stdlib.h
configure:4737: result: yes
configure:4730: checking for string.h
configure:4737: result: yes
configure:4741: checking float.h usability
configure:4758: cc -c -O3  conftest.c >&5
configure:4765: $? = 0
configure:4779: result: yes
configure:4783: checking float.h presence
configure:4798: cc -E  conftest.c
configure:4805: $? = 0
configure:4819: result: yes
configure:4852: checking for float.h
configure:4861: result: yes
configure:4878: checking for size_t
configure:4906: cc -c -O3  conftest.c >&5
configure:4913: $? = 0
configure:4940: cc -c -O3  conftest.c >&5
conftest.c: In function 'main':
conftest.c:63: error: expected expression before ')' token
configure:4947: $? = 1
configure: failed program was:
| /* confdefs.h.  */
| #define PACKAGE_NAME "BD_BOX"
| #define PACKAGE_TARNAME "bd_box.tgz"
| #define PACKAGE_VERSION "1.0.2"
| #define PACKAGE_STRING "BD_BOX 1.0.2"
| #define PACKAGE_BUGREPORT "mdlugosz@icm.edu.pl"
| #define PACKAGE "bd_box"
| #define VERSION "1.0.2"
| #define HAVE_LIBM 1
| #define STDC_HEADERS 1
| #define HAVE_SYS_TYPES_H 1
| #define HAVE_SYS_STAT_H 1
| #define HAVE_STDLIB_H 1
| #define HAVE_STRING_H 1
| #define HAVE_MEMORY_H 1
| #define HAVE_STRINGS_H 1
| #define HAVE_INTTYPES_H 1
| #define HAVE_STDINT_H 1
| #define HAVE_UNISTD_H 1
| #define HAVE_LIMITS_H 1
| #define HAVE_MALLOC_H 1
| #define HAVE_MEMORY_H 1
| #define HAVE_STDLIB_H 1
| #define HAVE_STRING_H 1
| #define HAVE_FLOAT_H 1
| /* end confdefs.h.  */
| #include <stdio.h>
| #ifdef HAVE_SYS_TYPES_H
| # include <sys/types.h>
| #endif
| #ifdef HAVE_SYS_STAT_H
| # include <sys/stat.h>
| #endif
| #ifdef STDC_HEADERS
| # include <stdlib.h>
| # include <stddef.h>
| #else
| # ifdef HAVE_STDLIB_H
| #  include <stdlib.h>
| # endif
| #endif
| #ifdef HAVE_STRING_H
| # if !defined STDC_HEADERS && defined HAVE_MEMORY_H
| #  include <memory.h>
| # endif
| # include <string.h>
| #endif
| #ifdef HAVE_STRINGS_H
| # include <strings.h>
| #endif
| #ifdef HAVE_INTTYPES_H
| # include <inttypes.h>
| #endif
| #ifdef HAVE_STDINT_H
| # include <stdint.h>
| #endif
| #ifdef HAVE_UNISTD_H
| # include <unistd.h>
| #endif
| int
| main ()
| {
| if (sizeof ((size_t)))
| 	  return 0;
|   ;
|   return 0;
| }
configure:4970: result: yes
configure:4989: checking for stdlib.h
configure:4996: result: yes
configure:5135: checking for GNU libc compatible malloc
configure:5169: cc -o conftest -O3   conftest.c -lm  >&5
configure:5173: $? = 0
configure:5179: ./conftest
configure:5183: $? = 0
configure:5200: result: yes
configure:5233: checking for stdlib.h
configure:5240: result: yes
configure:5379: checking for GNU libc compatible realloc
configure:5413: cc -o conftest -O3   conftest.c -lm  >&5
configure:5417: $? = 0
configure:5423: ./conftest
configure:5427: $? = 0
configure:5444: result: yes
configure:5486: checking for floor
configure:5542: cc -o conftest -O3   conftest.c -lm  >&5
conftest.c:54: warning: conflicting types for built-in function 'floor'
configure:5549: $? = 0
configure:5571: result: yes
configure:5486: checking for memset
configure:5542: cc -o conftest -O3   conftest.c -lm  >&5
conftest.c:55: warning: conflicting types for built-in function 'memset'
configure:5549: $? = 0
configure:5571: result: yes
configure:5486: checking for sqrt
configure:5542: cc -o conftest -O3   conftest.c -lm  >&5
conftest.c:56: warning: conflicting types for built-in function 'sqrt'
configure:5549: $? = 0
configure:5571: result: yes
configure:5486: checking for strchr
configure:5542: cc -o conftest -O3   conftest.c -lm  >&5
conftest.c:57: warning: conflicting types for built-in function 'strchr'
configure:5549: $? = 0
configure:5571: result: yes
configure:5486: checking for drand48_r
configure:5542: cc -o conftest -O3   conftest.c -lm  >&5
configure:5549: $? = 0
configure:5571: result: yes
configure:5486: checking for pow
configure:5542: cc -o conftest -O3   conftest.c -lm  >&5
conftest.c:59: warning: conflicting types for built-in function 'pow'
configure:5549: $? = 0
configure:5571: result: yes
configure:5486: checking for strrchr
configure:5542: cc -o conftest -O3   conftest.c -lm  >&5
conftest.c:60: warning: conflicting types for built-in function 'strrchr'
configure:5549: $? = 0
configure:5571: result: yes
configure:5486: checking for erfc
configure:5542: cc -o conftest -O3   conftest.c -lm  >&5
conftest.c:61: warning: conflicting types for built-in function 'erfc'
configure:5549: $? = 0
configure:5571: result: yes
configure:5486: checking for isnan
configure:5542: cc -o conftest -O3   conftest.c -lm  >&5
conftest.c:62: warning: conflicting types for built-in function 'isnan'
configure:5549: $? = 0
configure:5571: result: yes
configure:5486: checking for isinf
configure:5542: cc -o conftest -O3   conftest.c -lm  >&5
conftest.c:63: warning: conflicting types for built-in function 'isinf'
configure:5549: $? = 0
configure:5571: result: yes
configure:5724: creating ./config.status

## ---------------- ##
## Cache variables. ##
## ---------------- ##

ac_cv_c_compiler_gnu=yes
ac_cv_env_CC_set=set
ac_cv_env_CC_value=cc
ac_cv_env_CFLAGS_set=set
ac_cv_env_CFLAGS_value=-O3
ac_cv_env_CPPFLAGS_set=
ac_cv_env_CPPFLAGS_value=
ac_cv_env_CPP_set=
ac_cv_env_CPP_value=
ac_cv_env_LDFLAGS_set=
ac_cv_env_LDFLAGS_value=
ac_cv_env_LIBS_set=
ac_cv_env_LIBS_value=
ac_cv_env_NVCCFLAGS_set=
ac_cv_env_NVCCFLAGS_value=
ac_cv_env_NVCCLIB_set=
ac_cv_env_NVCCLIB_value=
ac_cv_env_build_alias_set=
ac_cv_env_build_alias_value=
ac_cv_env_host_alias_set=
ac_cv_env_host_alias_value=
ac_cv_env_target_alias_set=
ac_cv_env_target_alias_value=
ac_cv_func_drand48_r=yes
ac_cv_func_erfc=yes
ac_cv_func_floor=yes
ac_cv_func_isinf=yes
ac_cv_func_isnan=yes
ac_cv_func_malloc_0_nonnull=yes
ac_cv_func_memset=yes
ac_cv_func_pow=yes
ac_cv_func_realloc_0_nonnull=yes
ac_cv_func_sqrt=yes
ac_cv_func_strchr=yes
ac_cv_func_strrchr=yes
ac_cv_header_float_h=yes
ac_cv_header_inttypes_h=yes
ac_cv_header_limits_h=yes
ac_cv_header_malloc_h=yes
ac_cv_header_memory_h=yes
ac_cv_header_stdc=yes
ac_cv_header_stdint_h=yes
ac_cv_header_stdlib_h=yes
ac_cv_header_string_h=yes
ac_cv_header_strings_h=yes
ac_cv_header_sys_stat_h=yes
ac_cv_header_sys_types_h=yes
ac_cv_header_unistd_h=yes
ac_cv_lib_m_sqrt=yes
ac_cv_objext=o
ac_cv_path_EGREP='/usr/bin/grep -E'
ac_cv_path_GREP=/usr/bin/grep
ac_cv_path_install='/usr/bin/install -c'
ac_cv_path_mkdir=/bin/mkdir
ac_cv_prog_AWK=gawk
ac_cv_prog_CPP='cc -E'
ac_cv_prog_ac_ct_CC=cc
ac_cv_prog_cc_c89=
ac_cv_prog_cc_g=yes
ac_cv_prog_make_make_set=yes
ac_cv_type_size_t=yes
am_cv_CC_dependencies_compiler_type=gcc3

## ----------------- ##
## Output variables. ##
## ----------------- ##

ACLOCAL='${SHELL} /home/hlrb2/pr95zi/lu79buz3/work/BD_BOX/missing --run aclocal-1.11'
AMDEPBACKSLASH='\'
AMDEP_FALSE='#'
AMDEP_TRUE=''
AMTAR='${SHELL} /home/hlrb2/pr95zi/lu79buz3/work/BD_BOX/missing --run tar'
AUTOCONF='${SHELL} /home/hlrb2/pr95zi/lu79buz3/work/BD_BOX/missing --run autoconf'
AUTOHEADER='${SHELL} /home/hlrb2/pr95zi/lu79buz3/work/BD_BOX/missing --run autoheader'
AUTOMAKE='${SHELL} /home/hlrb2/pr95zi/lu79buz3/work/BD_BOX/missing --run automake-1.11'
AWK='gawk'
CC='cc'
CCDEPMODE='depmode=gcc3'
CFLAGS='-O3'
CPP='cc -E'
CPPFLAGS=''
CUDA_FALSE=''
CUDA_TRUE='#'
CUDPP_INCLUDE=''
CYGPATH_W='echo'
DEFS='-DHAVE_CONFIG_H'
DEPDIR='.deps'
ECHO_C=''
ECHO_N='-n'
ECHO_T=''
EGREP='/usr/bin/grep -E'
EXEEXT=''
GREP='/usr/bin/grep'
INSTALL_DATA='${INSTALL} -m 644'
INSTALL_PROGRAM='${INSTALL}'
INSTALL_SCRIPT='${INSTALL}'
INSTALL_STRIP_PROGRAM='$(install_sh) -c -s'
LDFLAGS=''
LIBOBJS=''
LIBS='-lm '
LTLIBOBJS=''
MAKEINFO='${SHELL} /home/hlrb2/pr95zi/lu79buz3/work/BD_BOX/missing --run makeinfo'
MKDIR_P='/bin/mkdir -p'
NVCC=''
NVCCFLAGS=''
NVCCLIB='lib64'
NVCC_INCLUDE=''
OBJEXT='o'
OPENMP_CFLAGS=''
PACKAGE='bd_box'
PACKAGE_BUGREPORT='mdlugosz@icm.edu.pl'
PACKAGE_NAME='BD_BOX'
PACKAGE_STRING='BD_BOX 1.0.2'
PACKAGE_TARNAME='bd_box.tgz'
PACKAGE_VERSION='1.0.2'
PATH_SEPARATOR=':'
SET_MAKE=''
SHELL='/bin/sh'
SSE_FALSE=''
SSE_TRUE='#'
STRIP=''
VERSION='1.0.2'
ac_ct_CC='cc'
am__EXEEXT_FALSE=''
am__EXEEXT_TRUE='#'
am__fastdepCC_FALSE='#'
am__fastdepCC_TRUE=''
am__include='include'
am__isrc=''
am__leading_dot='.'
am__quote=''
am__tar='${AMTAR} chof - "$$tardir"'
am__untar='${AMTAR} xf -'
bindir='${exec_prefix}/bin'
build_alias=''
datadir='${datarootdir}'
datarootdir='${prefix}/share'
docdir='${datarootdir}/doc/${PACKAGE_TARNAME}'
dvidir='${docdir}'
exec_prefix='${prefix}'
host_alias=''
htmldir='${docdir}'
includedir='${prefix}/include'
infodir='${datarootdir}/info'
install_sh='${SHELL} /home/hlrb2/pr95zi/lu79buz3/work/BD_BOX/install-sh'
libdir='${exec_prefix}/lib'
libexecdir='${exec_prefix}/libexec'
localedir='${datarootdir}/locale'
localstatedir='${prefix}/var'
mandir='${datarootdir}/man'
mkdir_p='/bin/mkdir -p'
oldincludedir='/usr/include'
pdfdir='${docdir}'
prefix='/usr/local'
program_transform_name='s,x,x,'
psdir='${docdir}'
sbindir='${exec_prefix}/sbin'
sharedstatedir='${prefix}/com'
sysconfdir='${prefix}/etc'
target_alias=''

## ----------- ##
## confdefs.h. ##
## ----------- ##

#define PACKAGE_NAME "BD_BOX"
#define PACKAGE_TARNAME "bd_box.tgz"
#define PACKAGE_VERSION "1.0.2"
#define PACKAGE_STRING "BD_BOX 1.0.2"
#define PACKAGE_BUGREPORT "mdlugosz@icm.edu.pl"
#define PACKAGE "bd_box"
#define VERSION "1.0.2"
#define HAVE_LIBM 1
#define STDC_HEADERS 1
#define HAVE_SYS_TYPES_H 1
#define HAVE_SYS_STAT_H 1
#define HAVE_STDLIB_H 1
#define HAVE_STRING_H 1
#define HAVE_MEMORY_H 1
#define HAVE_STRINGS_H 1
#define HAVE_INTTYPES_H 1
#define HAVE_STDINT_H 1
#define HAVE_UNISTD_H 1
#define HAVE_LIMITS_H 1
#define HAVE_MALLOC_H 1
#define HAVE_MEMORY_H 1
#define HAVE_STDLIB_H 1
#define HAVE_STRING_H 1
#define HAVE_FLOAT_H 1
#define HAVE_STDLIB_H 1
#define HAVE_MALLOC 1
#define HAVE_STDLIB_H 1
#define HAVE_REALLOC 1
#define HAVE_FLOOR 1
#define HAVE_MEMSET 1
#define HAVE_SQRT 1
#define HAVE_STRCHR 1
#define HAVE_DRAND48_R 1
#define HAVE_POW 1
#define HAVE_STRRCHR 1
#define HAVE_ERFC 1
#define HAVE_ISNAN 1
#define HAVE_ISINF 1

configure: exit 0

## ---------------------- ##
## Running config.status. ##
## ---------------------- ##

This file was extended by BD_BOX config.status 1.0.2, which was
generated by GNU Autoconf 2.63.  Invocation command line was

  CONFIG_FILES    = 
  CONFIG_HEADERS  = 
  CONFIG_LINKS    = 
  CONFIG_COMMANDS = 
  $ ./config.status 

on i01r12s30

config.status:803: creating Makefile
config.status:803: creating src/Makefile
config.status:803: creating config.h
config.status:1077: executing depfiles commands

## ---------------------- ##
## Running config.status. ##
## ---------------------- ##

This file was extended by BD_BOX config.status 1.0.2, which was
generated by GNU Autoconf 2.63.  Invocation command line was

  CONFIG_FILES    = 
  CONFIG_HEADERS  = 
  CONFIG_LINKS    = 
  CONFIG_COMMANDS = 
  $ ./config.status config.h

on i01r12s30

config.status:803: creating config.h
