CDPATH="${ZSH_VERSION+.}:" && cd . && /bin/sh /home/hlrb2/pr95zi/lu79buz3/work/BD_BOX/missing --run aclocal-1.11 
/home/hlrb2/pr95zi/lu79buz3/work/BD_BOX/missing: line 52: aclocal-1.11: command not found
WARNING: `aclocal-1.11' is missing on your system.  You should only need it if
         you modified `acinclude.m4' or `configure.ac'.  You might want
         to install the `Automake' and `Perl' packages.  Grab them from
         any GNU archive site.
 cd . && /bin/sh /home/hlrb2/pr95zi/lu79buz3/work/BD_BOX/missing --run automake-1.11 --gnu
/home/hlrb2/pr95zi/lu79buz3/work/BD_BOX/missing: line 52: automake-1.11: command not found
WARNING: `automake-1.11' is missing on your system.  You should only need it if
         you modified `Makefile.am', `acinclude.m4' or `configure.ac'.
         You might want to install the `Automake' and `Perl' packages.
         Grab them from any GNU archive site.
CDPATH="${ZSH_VERSION+.}:" && cd . && /bin/sh /home/hlrb2/pr95zi/lu79buz3/work/BD_BOX/missing --run autoconf
aclocal.m4:16: warning: this file was generated for autoconf 2.67.
You have another version of autoconf.  It may work, but is not guaranteed to.
If you have problems, you may need to regenerate the build system entirely.
To do so, use the procedure documented by the package, typically `autoreconf'.
/bin/sh ./config.status --recheck
running CONFIG_SHELL=/bin/sh /bin/sh ./configure --enable-mpi=no --with-cuda=no CC=cc --disable-openmp CFLAGS=-O3 --no-create --no-recursion
checking for a BSD-compatible install... /usr/bin/install -c
checking whether build environment is sane... yes
checking for a thread-safe mkdir -p... /bin/mkdir -p
checking for gawk... gawk
checking whether make sets $(MAKE)... yes
checking for gcc... cc
checking for C compiler default output file name... a.out
checking whether the C compiler works... yes
checking whether we are cross compiling... no
checking for suffix of executables... 
checking for suffix of object files... o
checking whether we are using the GNU C compiler... yes
checking whether cc accepts -g... yes
checking for cc option to accept ISO C89... none needed
checking for style of include used by make... GNU
checking dependency style of cc... gcc3
checking for sqrt in -lm... yes
checking how to run the C preprocessor... cc -E
checking for grep that handles long lines and -e... /usr/bin/grep
checking for egrep... /usr/bin/grep -E
checking for ANSI C header files... yes
checking for sys/types.h... yes
checking for sys/stat.h... yes
checking for stdlib.h... yes
checking for string.h... yes
checking for memory.h... yes
checking for strings.h... yes
checking for inttypes.h... yes
checking for stdint.h... yes
checking for unistd.h... yes
checking limits.h usability... yes
checking limits.h presence... yes
checking for limits.h... yes
checking malloc.h usability... yes
checking malloc.h presence... yes
checking for malloc.h... yes
checking for memory.h... (cached) yes
checking for stdlib.h... (cached) yes
checking for string.h... (cached) yes
checking float.h usability... yes
checking float.h presence... yes
checking for float.h... yes
checking for size_t... yes
checking for stdlib.h... (cached) yes
checking for GNU libc compatible malloc... yes
checking for stdlib.h... (cached) yes
checking for GNU libc compatible realloc... yes
checking for floor... yes
checking for memset... yes
checking for sqrt... yes
checking for strchr... yes
checking for drand48_r... yes
checking for pow... yes
checking for strrchr... yes
checking for erfc... yes
checking for isnan... yes
checking for isinf... yes
configure: creating ./config.status
 /bin/sh ./config.status
config.status: creating Makefile
config.status: creating src/Makefile
config.status: creating config.h
config.status: executing depfiles commands
(CDPATH="${ZSH_VERSION+.}:" && cd . && /bin/sh /home/hlrb2/pr95zi/lu79buz3/work/BD_BOX/missing --run autoheader)
rm -f stamp-h1
touch config.h.in
cd . && /bin/sh ./config.status config.h
config.status: creating config.h
/usr/bin/make  all-recursive
make[1]: Entering directory `/home/hpc/pr95zi/lu79buz3/work/BD_BOX'
Making all in src
make[2]: Entering directory `/home/hpc/pr95zi/lu79buz3/work/BD_BOX/src'
cc -DHAVE_CONFIG_H -I. -I..     -O3 -MT main.o -MD -MP -MF .deps/main.Tpo -c -o main.o main.c
mv -f .deps/main.Tpo .deps/main.Po
cc -DHAVE_CONFIG_H -I. -I..     -O3 -MT data.o -MD -MP -MF .deps/data.Tpo -c -o data.o data.c
mv -f .deps/data.Tpo .deps/data.Po
cc -DHAVE_CONFIG_H -I. -I..     -O3 -MT input.o -MD -MP -MF .deps/input.Tpo -c -o input.o input.c
input.c: In function 'print_help':
input.c:1176: error: expected ')' before 'PACKAGE_URL'
make[2]: *** [input.o] Error 1
make[2]: Leaving directory `/home/hpc/pr95zi/lu79buz3/work/BD_BOX/src'
make[1]: *** [all-recursive] Error 1
make[1]: Leaving directory `/home/hpc/pr95zi/lu79buz3/work/BD_BOX'
make: *** [all] Error 2
